<?xml version="1.0" encoding="UTF-8"?>
<!-- Generated by org.testng.reporters.JUnitReportReporter -->
<testsuite hostname="Cnu" name="com.TestNG.Annotations3$Annotations2" tests="2" failures="0" timestamp="30 Aug 2018 05:13:30 GMT" time="0.030" errors="0">
  <testcase name="sentMail" time="0.011" classname="com.TestNG.Annotations3$Annotations2"/>
  <testcase name="inBox" time="0.019" classname="com.TestNG.Annotations3$Annotations2"/>
</testsuite> <!-- com.TestNG.Annotations3$Annotations2 -->
