<?xml version="1.0" encoding="UTF-8"?>
<!-- Generated by org.testng.reporters.JUnitReportReporter -->
<testsuite hostname="Cnu" name="com.TestNG.Annotations1" tests="2" failures="0" timestamp="30 Aug 2018 05:03:13 GMT" time="0.025" errors="0">
  <testcase name="NavigateToGmail" time="0.009" classname="com.TestNG.Annotations1"/>
  <testcase name="OpenBrowser" time="0.016" classname="com.TestNG.Annotations1"/>
</testsuite> <!-- com.TestNG.Annotations1 -->
