<?xml version="1.0" encoding="UTF-8"?>
<!-- Generated by org.testng.reporters.JUnitReportReporter -->
<testsuite hostname="Cnu" name="com.DataDrivenTest.NewTours_LogInTest_MultipleTestData" tests="1" failures="0" timestamp="19 Sep 2018 04:41:51 GMT" time="95.361" errors="0">
  <testcase name="logIn" time="95.361" classname="com.DataDrivenTest.NewTours_LogInTest_MultipleTestData"/>
</testsuite> <!-- com.DataDrivenTest.NewTours_LogInTest_MultipleTestData -->
