<?xml version="1.0" encoding="UTF-8"?>
<!-- Generated by org.testng.reporters.JUnitReportReporter -->
<testsuite hostname="Cnu" name="com.DataDrivenTest.NewTours_NewUserRegistation" tests="2" failures="0" timestamp="19 Sep 2018 04:41:51 GMT" time="20.933" errors="0">
  <testcase name="userRegistration" time="19.824" classname="com.DataDrivenTest.NewTours_NewUserRegistation"/>
  <testcase name="register" time="1.109" classname="com.DataDrivenTest.NewTours_NewUserRegistation"/>
</testsuite> <!-- com.DataDrivenTest.NewTours_NewUserRegistation -->
