<?xml version="1.0" encoding="UTF-8"?>
<!-- Generated by org.testng.reporters.JUnitReportReporter -->
<testsuite hostname="Cnu" name="com.TestNG.Annotations2" tests="2" failures="0" timestamp="30 Aug 2018 05:08:31 GMT" time="0.004" errors="0">
  <testcase name="inBox" time="0.000" classname="com.TestNG.Annotations2"/>
  <testcase name="logIn" time="0.004" classname="com.TestNG.Annotations2"/>
</testsuite> <!-- com.TestNG.Annotations2 -->
